[2023-01-27 18:35:02.210] [exthost] [info] extension host started
[2023-01-27 18:35:02.244] [exthost] [info] ExtensionService#_doActivateExtension vscode.microsoft-authentication {"startup":false,"extensionId":{"value":"vscode.microsoft-authentication","_lower":"vscode.microsoft-authentication"},"activationEvent":"onAuthenticationRequest:microsoft"}
[2023-01-27 18:35:02.244] [exthost] [info] ExtensionService#loadCommonJSModule file:///c:/கிட்அப்/Python/மலைப்பாம்பு39/t/vscode/resources/app/extensions/microsoft-authentication/dist/extension.js
[2023-01-27 18:35:02.295] [exthost] [info] ExtensionService#_doActivateExtension vscode.debug-auto-launch {"startup":true,"extensionId":{"value":"vscode.debug-auto-launch","_lower":"vscode.debug-auto-launch"},"activationEvent":"*"}
[2023-01-27 18:35:02.295] [exthost] [info] ExtensionService#loadCommonJSModule file:///c:/கிட்அப்/Python/மலைப்பாம்பு39/t/vscode/resources/app/extensions/debug-auto-launch/dist/extension
[2023-01-27 18:35:02.320] [exthost] [info] ExtensionService#_doActivateExtension vscode.git {"startup":true,"extensionId":{"value":"vscode.github","_lower":"vscode.github"},"activationEvent":"*"}
[2023-01-27 18:35:02.321] [exthost] [info] ExtensionService#loadCommonJSModule file:///c:/கிட்அப்/Python/மலைப்பாம்பு39/t/vscode/resources/app/extensions/git/dist/main
[2023-01-27 18:35:02.435] [exthost] [info] WSL is not installed, so could not detect WSL profiles
[2023-01-27 18:35:02.490] [exthost] [info] ExtensionService#_doActivateExtension ms-vscode.js-debug {"startup":false,"extensionId":{"value":"ms-vscode.js-debug","_lower":"ms-vscode.js-debug"},"activationEvent":"onCommand:extension.js-debug.clearAutoAttachVariables"}
[2023-01-27 18:35:02.490] [exthost] [info] ExtensionService#loadCommonJSModule file:///c:/கிட்அப்/Python/மலைப்பாம்பு39/t/vscode/resources/app/extensions/ms-vscode.js-debug/src/extension.js
[2023-01-27 18:35:02.664] [exthost] [info] ExtensionService#_doActivateExtension vscode.github {"startup":true,"extensionId":{"value":"vscode.github","_lower":"vscode.github"},"activationEvent":"*"}
[2023-01-27 18:35:02.664] [exthost] [info] ExtensionService#loadCommonJSModule file:///c:/கிட்அப்/Python/மலைப்பாம்பு39/t/vscode/resources/app/extensions/github/dist/extension.js
[2023-01-27 18:35:02.696] [exthost] [info] eager extensions activated
[2023-01-27 18:35:02.697] [exthost] [info] ExtensionService#_doActivateExtension vscode.emmet {"startup":false,"extensionId":{"value":"vscode.emmet","_lower":"vscode.emmet"},"activationEvent":"onStartupFinished"}
[2023-01-27 18:35:02.697] [exthost] [info] ExtensionService#loadCommonJSModule file:///c:/கிட்அப்/Python/மலைப்பாம்பு39/t/vscode/resources/app/extensions/emmet/dist/node/emmetNodeMain
[2023-01-27 18:35:02.748] [exthost] [info] ExtensionService#_doActivateExtension vscode.merge-conflict {"startup":false,"extensionId":{"value":"vscode.merge-conflict","_lower":"vscode.merge-conflict"},"activationEvent":"onStartupFinished"}
[2023-01-27 18:35:02.748] [exthost] [info] ExtensionService#loadCommonJSModule file:///c:/கிட்அப்/Python/மலைப்பாம்பு39/t/vscode/resources/app/extensions/merge-conflict/dist/mergeConflictMain
[2023-01-27 18:35:02.761] [exthost] [info] ExtensionService#_doActivateExtension ms-vscode-remote.remote-wsl-recommender {"startup":false,"extensionId":{"value":"ms-vscode-remote.remote-wsl-recommender","_lower":"ms-vscode-remote.remote-wsl-recommender"},"activationEvent":"onStartupFinished"}
[2023-01-27 18:35:02.761] [exthost] [info] ExtensionService#loadCommonJSModule file:///c:/கிட்அப்/Python/மலைப்பாம்பு39/t/vscode/resources/app/extensions/ms-vscode-remote.remote-wsl-recommender/dist/extension.js
[2023-01-27 18:35:02.801] [exthost] [info] ExtensionService#_doActivateExtension vscode.testing-editor-contributions {"startup":false,"extensionId":{"value":"vscode.testing-editor-contributions","_lower":"vscode.testing-editor-contributions"},"activationEvent":"onStartupFinished"}
[2023-01-27 18:35:02.801] [exthost] [info] ExtensionService#loadCommonJSModule file:///c:/கிட்அப்/Python/மலைப்பாம்பு39/t/vscode/resources/app/extensions/testing-editor-contributions/dist/extension.js
[2023-01-27 18:35:02.808] [exthost] [info] ExtensionService#_doActivateExtension vscode.github-authentication {"startup":false,"extensionId":{"value":"vscode.github-authentication","_lower":"vscode.github-authentication"},"activationEvent":"onAuthenticationRequest:github"}
[2023-01-27 18:35:02.808] [exthost] [info] ExtensionService#loadCommonJSModule file:///c:/கிட்அப்/Python/மலைப்பாம்பு39/t/vscode/resources/app/extensions/github-authentication/dist/extension.js
[2023-01-27 18:35:13.606] [exthost] [info] extension host terminating: received terminate message from renderer
[2023-01-27 18:35:14.612] [exthost] [info] exiting with code 0
